[2025-04-09 10:40:36,063] 15 root - INFO - >>>>>>> Stage Data Ingestion Stage started
[2025-04-09 10:40:36,088] 17 root - INFO - yaml file: config\config.yaml loaded successfully
[2025-04-09 10:40:36,102] 17 root - INFO - yaml file: params.yaml loaded successfully
[2025-04-09 10:40:36,125] 17 root - INFO - yaml file: schema.yaml loaded successfully
[2025-04-09 10:40:36,125] 29 root - INFO - create directory as: artifacts
[2025-04-09 10:40:36,125] 29 root - INFO - create directory as: artifacts/data_ingestion
[2025-04-09 10:40:39,297] 61 root - INFO - Performed train test split on the dataframe
[2025-04-09 10:40:39,297] 63 root - INFO - Exited split_data_as_train_test method of Data_Ingestion class
[2025-04-09 10:40:39,297] 71 root - INFO - Exporting train and test file path.
[2025-04-09 10:40:39,359] 80 root - INFO - Exported train and test file path.
[2025-04-09 10:40:39,359] 18 root - INFO - >>>>> stage Data Ingestion Stage completed <<<<<<

x========x
[2025-04-09 10:40:39,359] 27 root - INFO - >>>>>>> Stage Data Validation Stage started
[2025-04-09 10:40:39,359] 17 root - INFO - yaml file: config\config.yaml loaded successfully
[2025-04-09 10:40:39,359] 17 root - INFO - yaml file: params.yaml loaded successfully
[2025-04-09 10:40:39,359] 17 root - INFO - yaml file: schema.yaml loaded successfully
[2025-04-09 10:40:39,359] 29 root - INFO - create directory as: artifacts
[2025-04-09 10:40:39,359] 29 root - INFO - create directory as: artifacts/data_validation
[2025-04-09 10:40:39,468] 30 root - INFO - >>>>> stage Data Validation Stage completed <<<<<<

x========x
[2025-04-09 10:40:39,468] 38 root - INFO - >>>>>> stage Transformation Stage started <<<<<<
