[2025-04-09 10:41:56,294] 15 root - INFO - >>>>>>> Stage Data Ingestion Stage started
[2025-04-09 10:41:56,296] 17 root - INFO - yaml file: config\config.yaml loaded successfully
[2025-04-09 10:41:56,298] 17 root - INFO - yaml file: params.yaml loaded successfully
[2025-04-09 10:41:56,302] 17 root - INFO - yaml file: schema.yaml loaded successfully
[2025-04-09 10:41:56,302] 29 root - INFO - create directory as: artifacts
[2025-04-09 10:41:56,302] 29 root - INFO - create directory as: artifacts/data_ingestion
[2025-04-09 10:41:59,801] 61 root - INFO - Performed train test split on the dataframe
[2025-04-09 10:41:59,801] 63 root - INFO - Exited split_data_as_train_test method of Data_Ingestion class
[2025-04-09 10:41:59,801] 71 root - INFO - Exporting train and test file path.
[2025-04-09 10:41:59,868] 80 root - INFO - Exported train and test file path.
[2025-04-09 10:41:59,870] 18 root - INFO - >>>>> stage Data Ingestion Stage completed <<<<<<

x========x
[2025-04-09 10:41:59,870] 27 root - INFO - >>>>>>> Stage Data Validation Stage started
[2025-04-09 10:41:59,872] 17 root - INFO - yaml file: config\config.yaml loaded successfully
[2025-04-09 10:41:59,874] 17 root - INFO - yaml file: params.yaml loaded successfully
[2025-04-09 10:41:59,878] 17 root - INFO - yaml file: schema.yaml loaded successfully
[2025-04-09 10:41:59,878] 29 root - INFO - create directory as: artifacts
[2025-04-09 10:41:59,878] 29 root - INFO - create directory as: artifacts/data_validation
[2025-04-09 10:41:59,952] 30 root - INFO - >>>>> stage Data Validation Stage completed <<<<<<

x========x
[2025-04-09 10:41:59,952] 38 root - INFO - >>>>>> stage Transformation Stage started <<<<<<
[2025-04-09 10:41:59,973] 17 root - INFO - yaml file: config\config.yaml loaded successfully
[2025-04-09 10:41:59,975] 17 root - INFO - yaml file: params.yaml loaded successfully
[2025-04-09 10:41:59,983] 17 root - INFO - yaml file: schema.yaml loaded successfully
[2025-04-09 10:41:59,983] 29 root - INFO - create directory as: artifacts
[2025-04-09 10:41:59,985] 29 root - INFO - create directory as: artifacts/data_transformation
[2025-04-09 10:42:00,084] 19 root - INFO - Splited data training and test sets
[2025-04-09 10:42:00,084] 20 root - INFO - (8291, 31)
[2025-04-09 10:42:00,084] 21 root - INFO - (2764, 31)
[2025-04-09 10:42:00,084] 41 root - INFO - >>>>>>> stage Transformation Stage completed <<<<<<

x==========x
[2025-04-09 10:42:00,084] 48 root - INFO - >>>>>> stage Model Training Stage started <<<<<<
[2025-04-09 10:42:00,100] 17 root - INFO - yaml file: config\config.yaml loaded successfully
[2025-04-09 10:42:00,100] 17 root - INFO - yaml file: params.yaml loaded successfully
[2025-04-09 10:42:00,104] 17 root - INFO - yaml file: schema.yaml loaded successfully
[2025-04-09 10:42:00,104] 29 root - INFO - create directory as: artifacts
[2025-04-09 10:42:00,104] 29 root - INFO - create directory as: artifacts/model_trainer
[2025-04-09 10:42:00,378] 51 root - INFO - >>>>>>> stage Model Training Stage completed <<<<<<

x==========x
[2025-04-09 10:42:00,378] 59 root - INFO - >>>>>> stage Model Evaluation Stage started <<<<<<
[2025-04-09 10:42:00,378] 16 root - INFO - >>>> Model Evaluate Stage Staeted <<<<<<<
[2025-04-09 10:42:00,384] 17 root - INFO - yaml file: config\config.yaml loaded successfully
[2025-04-09 10:42:00,386] 17 root - INFO - yaml file: params.yaml loaded successfully
[2025-04-09 10:42:00,394] 17 root - INFO - yaml file: schema.yaml loaded successfully
[2025-04-09 10:42:00,394] 29 root - INFO - create directory as: artifacts
[2025-04-09 10:42:00,394] 29 root - INFO - create directory as: artifacts/model_evaluation
[2025-04-09 10:42:00,447] 36 root - INFO - json file saved at: artifacts\model_evaluation\metrics.json
[2025-04-09 10:42:00,449] 21 root - INFO - >>>>>Model Evaluate Stage completed <<<<<<
[2025-04-09 10:42:00,449] 62 root - INFO - >>>>>>> stage Model Evaluation Stage completed <<<<<<

x==========x
